<?xml version="1.0" encoding="UTF-8"?>
<!-- Generated by org.testng.reporters.JUnitXMLReporter -->
<testsuite hostname="MYPC" ignored="0" name="Default test" tests="9" failures="0" timestamp="23 Jul 2020 22:35:30 GMT" time="0.123" errors="0">
  <testcase name="it_should_work_for_ES_addresses_with_NO" time="0.046" classname="addressFormatterTest.WhenProcessingAddressesFromAnExternalSourceTest"/>
  <testcase name="it_should_work_for_simple_DE_addresses" time="0.002" classname="addressFormatterTest.WhenProcessingAddressesFromAnExternalSourceTest"/>
  <testcase name="it_should_work_for_simple_DE_addresses_with_alphanumberical_street_numbers" time="0.002" classname="addressFormatterTest.WhenProcessingAddressesFromAnExternalSourceTest"/>
  <testcase name="it_should_work_for_simple_DE_addresses_with_alphanumberical_street_numbers2" time="0.002" classname="addressFormatterTest.WhenProcessingAddressesFromAnExternalSourceTest"/>
  <testcase name="it_should_work_for_simple_DE_addresses_with_longer_street_numbers" time="0.003" classname="addressFormatterTest.WhenProcessingAddressesFromAnExternalSourceTest"/>
  <testcase name="it_should_work_for_simple_ES_addresses" time="0.002" classname="addressFormatterTest.WhenProcessingAddressesFromAnExternalSourceTest"/>
  <testcase name="it_should_work_for_simple_FR_addresses" time="0.003" classname="addressFormatterTest.WhenProcessingAddressesFromAnExternalSourceTest"/>
  <testcase name="it_should_work_for_simple_US_addresses" time="0.002" classname="addressFormatterTest.WhenProcessingAddressesFromAnExternalSourceTest"/>
  <testcase name="it_should_work_for_simple_addresses_with_german_characters" time="0.003" classname="addressFormatterTest.WhenProcessingAddressesFromAnExternalSourceTest"/>
</testsuite> <!-- Default test -->
