<?xml version="1.0" encoding="UTF-8"?>
<testsuite xmlns:xsi="http://www.w3.org/2001/XMLSchema-instance" xsi:noNamespaceSchemaLocation="https://maven.apache.org/surefire/maven-surefire-plugin/xsd/surefire-test-report-3.0.xsd" version="3.0" name="TestSuite" time="1.699" tests="9" errors="0" skipped="0" failures="0">
  <properties>
[...]
</properties>
  <testcase name="it_should_work_for_ES_addresses_with_NO" classname="addressFormatterTest.ProcessingAddressesFromAnExternalSourceTest" time="0.014"/>
  <testcase name="it_should_work_for_simple_DE_addresses" classname="addressFormatterTest.ProcessingAddressesFromAnExternalSourceTest" time="0.003"/>
  <testcase name="it_should_work_for_simple_DE_addresses_with_alphanumberical_street_numbers" classname="addressFormatterTest.ProcessingAddressesFromAnExternalSourceTest" time="0.001"/>
  <testcase name="it_should_work_for_simple_DE_addresses_with_alphanumberical_street_numbers2" classname="addressFormatterTest.ProcessingAddressesFromAnExternalSourceTest" time="0.001"/>
  <testcase name="it_should_work_for_simple_DE_addresses_with_longer_street_numbers" classname="addressFormatterTest.ProcessingAddressesFromAnExternalSourceTest" time="0.001"/>
  <testcase name="it_should_work_for_simple_ES_addresses" classname="addressFormatterTest.ProcessingAddressesFromAnExternalSourceTest" time="0.001"/>
  <testcase name="it_should_work_for_simple_FR_addresses" classname="addressFormatterTest.ProcessingAddressesFromAnExternalSourceTest" time="0.003"/>
  <testcase name="it_should_work_for_simple_US_addresses" classname="addressFormatterTest.ProcessingAddressesFromAnExternalSourceTest" time="0"/>
  <testcase name="it_should_work_for_simple_addresses_with_german_characters" classname="addressFormatterTest.ProcessingAddressesFromAnExternalSourceTest" time="0.004"/>
</testsuite>